{"E:\\WORKBENCH\\draft\\blog\\src\\models\\SelectionManage\\SelectionManage.ts": {"path":"E:\\WORKBENCH\\draft\\blog\\src\\models\\SelectionManage\\SelectionManage.ts","all":false,"statementMap":{"0":{"start":{"line":1,"column":0},"end":{"line":1,"column":53}},"1":{"start":{"line":2,"column":0},"end":{"line":2,"column":67}},"2":{"start":{"line":3,"column":0},"end":{"line":3,"column":54}},"3":{"start":{"line":4,"column":0},"end":{"line":4,"column":51}},"4":{"start":{"line":5,"column":0},"end":{"line":5,"column":48}},"5":{"start":{"line":6,"column":0},"end":{"line":6,"column":79}},"6":{"start":{"line":7,"column":0},"end":{"line":7,"column":12}},"7":{"start":{"line":8,"column":0},"end":{"line":8,"column":17}},"8":{"start":{"line":9,"column":0},"end":{"line":9,"column":15}},"9":{"start":{"line":10,"column":0},"end":{"line":10,"column":5}},"10":{"start":{"line":11,"column":0},"end":{"line":11,"column":3}},"11":{"start":{"line":12,"column":0},"end":{"line":12,"column":0}},"12":{"start":{"line":13,"column":0},"end":{"line":13,"column":52}},"13":{"start":{"line":14,"column":0},"end":{"line":14,"column":46}},"14":{"start":{"line":15,"column":0},"end":{"line":15,"column":3}},"15":{"start":{"line":16,"column":0},"end":{"line":16,"column":0}},"16":{"start":{"line":17,"column":0},"end":{"line":17,"column":63}},"17":{"start":{"line":18,"column":0},"end":{"line":18,"column":81}},"18":{"start":{"line":19,"column":0},"end":{"line":19,"column":3}},"19":{"start":{"line":20,"column":0},"end":{"line":20,"column":0}},"20":{"start":{"line":21,"column":0},"end":{"line":21,"column":63}},"21":{"start":{"line":22,"column":0},"end":{"line":22,"column":12}},"22":{"start":{"line":23,"column":0},"end":{"line":23,"column":79}},"23":{"start":{"line":24,"column":0},"end":{"line":24,"column":76}},"24":{"start":{"line":25,"column":0},"end":{"line":25,"column":5}},"25":{"start":{"line":26,"column":0},"end":{"line":26,"column":3}},"26":{"start":{"line":27,"column":0},"end":{"line":27,"column":62}},"27":{"start":{"line":28,"column":0},"end":{"line":28,"column":39}},"28":{"start":{"line":29,"column":0},"end":{"line":29,"column":3}},"29":{"start":{"line":30,"column":0},"end":{"line":30,"column":64}},"30":{"start":{"line":31,"column":0},"end":{"line":31,"column":79}},"31":{"start":{"line":32,"column":0},"end":{"line":32,"column":3}},"32":{"start":{"line":33,"column":0},"end":{"line":33,"column":68}},"33":{"start":{"line":34,"column":0},"end":{"line":34,"column":12}},"34":{"start":{"line":35,"column":0},"end":{"line":35,"column":111}},"35":{"start":{"line":36,"column":0},"end":{"line":36,"column":103}},"36":{"start":{"line":37,"column":0},"end":{"line":37,"column":5}},"37":{"start":{"line":38,"column":0},"end":{"line":38,"column":3}},"38":{"start":{"line":39,"column":0},"end":{"line":39,"column":47}},"39":{"start":{"line":40,"column":0},"end":{"line":40,"column":42}},"40":{"start":{"line":41,"column":0},"end":{"line":41,"column":3}},"41":{"start":{"line":42,"column":0},"end":{"line":42,"column":0}},"42":{"start":{"line":43,"column":0},"end":{"line":43,"column":74}},"43":{"start":{"line":44,"column":0},"end":{"line":44,"column":28}},"44":{"start":{"line":45,"column":0},"end":{"line":45,"column":61}},"45":{"start":{"line":46,"column":0},"end":{"line":46,"column":55}},"46":{"start":{"line":47,"column":0},"end":{"line":47,"column":5}},"47":{"start":{"line":48,"column":0},"end":{"line":48,"column":8}},"48":{"start":{"line":49,"column":0},"end":{"line":49,"column":95}},"49":{"start":{"line":50,"column":0},"end":{"line":50,"column":57}},"50":{"start":{"line":51,"column":0},"end":{"line":51,"column":7}},"51":{"start":{"line":52,"column":0},"end":{"line":52,"column":17}},"52":{"start":{"line":53,"column":0},"end":{"line":53,"column":5}},"53":{"start":{"line":54,"column":0},"end":{"line":54,"column":25}},"54":{"start":{"line":55,"column":0},"end":{"line":55,"column":3}},"55":{"start":{"line":56,"column":0},"end":{"line":56,"column":70}},"56":{"start":{"line":57,"column":0},"end":{"line":57,"column":19}},"57":{"start":{"line":58,"column":0},"end":{"line":58,"column":61}},"58":{"start":{"line":59,"column":0},"end":{"line":59,"column":55}},"59":{"start":{"line":60,"column":0},"end":{"line":60,"column":5}},"60":{"start":{"line":61,"column":0},"end":{"line":61,"column":112}},"61":{"start":{"line":62,"column":0},"end":{"line":62,"column":17}},"62":{"start":{"line":63,"column":0},"end":{"line":63,"column":5}},"63":{"start":{"line":64,"column":0},"end":{"line":64,"column":16}},"64":{"start":{"line":65,"column":0},"end":{"line":65,"column":3}},"65":{"start":{"line":66,"column":0},"end":{"line":66,"column":77}},"66":{"start":{"line":67,"column":0},"end":{"line":67,"column":38}},"67":{"start":{"line":68,"column":0},"end":{"line":68,"column":19}},"68":{"start":{"line":69,"column":0},"end":{"line":69,"column":5}},"69":{"start":{"line":70,"column":0},"end":{"line":70,"column":39}},"70":{"start":{"line":71,"column":0},"end":{"line":71,"column":17}},"71":{"start":{"line":72,"column":0},"end":{"line":72,"column":5}},"72":{"start":{"line":73,"column":0},"end":{"line":73,"column":0}},"73":{"start":{"line":74,"column":0},"end":{"line":74,"column":71}},"74":{"start":{"line":75,"column":0},"end":{"line":75,"column":14}},"75":{"start":{"line":76,"column":0},"end":{"line":76,"column":9}},"76":{"start":{"line":77,"column":0},"end":{"line":77,"column":38}},"77":{"start":{"line":78,"column":0},"end":{"line":78,"column":36}},"78":{"start":{"line":79,"column":0},"end":{"line":79,"column":10}},"79":{"start":{"line":80,"column":0},"end":{"line":80,"column":9}},"80":{"start":{"line":81,"column":0},"end":{"line":81,"column":36}},"81":{"start":{"line":82,"column":0},"end":{"line":82,"column":34}},"82":{"start":{"line":83,"column":0},"end":{"line":83,"column":10}},"83":{"start":{"line":84,"column":0},"end":{"line":84,"column":7}},"84":{"start":{"line":85,"column":0},"end":{"line":85,"column":5}},"85":{"start":{"line":86,"column":0},"end":{"line":86,"column":113}},"86":{"start":{"line":87,"column":0},"end":{"line":87,"column":14}},"87":{"start":{"line":88,"column":0},"end":{"line":88,"column":9}},"88":{"start":{"line":89,"column":0},"end":{"line":89,"column":38}},"89":{"start":{"line":90,"column":0},"end":{"line":90,"column":36}},"90":{"start":{"line":91,"column":0},"end":{"line":91,"column":10}},"91":{"start":{"line":92,"column":0},"end":{"line":92,"column":7}},"92":{"start":{"line":93,"column":0},"end":{"line":93,"column":12}},"93":{"start":{"line":94,"column":0},"end":{"line":94,"column":14}},"94":{"start":{"line":95,"column":0},"end":{"line":95,"column":9}},"95":{"start":{"line":96,"column":0},"end":{"line":96,"column":36}},"96":{"start":{"line":97,"column":0},"end":{"line":97,"column":34}},"97":{"start":{"line":98,"column":0},"end":{"line":98,"column":10}},"98":{"start":{"line":99,"column":0},"end":{"line":99,"column":7}},"99":{"start":{"line":100,"column":0},"end":{"line":100,"column":5}},"100":{"start":{"line":101,"column":0},"end":{"line":101,"column":3}},"101":{"start":{"line":102,"column":0},"end":{"line":102,"column":47}},"102":{"start":{"line":103,"column":0},"end":{"line":103,"column":66}},"103":{"start":{"line":104,"column":0},"end":{"line":104,"column":65}},"104":{"start":{"line":105,"column":0},"end":{"line":105,"column":74}},"105":{"start":{"line":106,"column":0},"end":{"line":106,"column":79}},"106":{"start":{"line":107,"column":0},"end":{"line":107,"column":0}},"107":{"start":{"line":108,"column":0},"end":{"line":108,"column":12}},"108":{"start":{"line":109,"column":0},"end":{"line":109,"column":17}},"109":{"start":{"line":110,"column":0},"end":{"line":110,"column":36}},"110":{"start":{"line":111,"column":0},"end":{"line":111,"column":5}},"111":{"start":{"line":112,"column":0},"end":{"line":112,"column":3}},"112":{"start":{"line":113,"column":0},"end":{"line":113,"column":70}},"113":{"start":{"line":114,"column":0},"end":{"line":114,"column":64}},"114":{"start":{"line":115,"column":0},"end":{"line":115,"column":40}},"115":{"start":{"line":116,"column":0},"end":{"line":116,"column":5}},"116":{"start":{"line":117,"column":0},"end":{"line":117,"column":45}},"117":{"start":{"line":118,"column":0},"end":{"line":118,"column":12}},"118":{"start":{"line":119,"column":0},"end":{"line":119,"column":58}},"119":{"start":{"line":120,"column":0},"end":{"line":120,"column":41}},"120":{"start":{"line":121,"column":0},"end":{"line":121,"column":5}},"121":{"start":{"line":122,"column":0},"end":{"line":122,"column":3}},"122":{"start":{"line":123,"column":0},"end":{"line":123,"column":52}},"123":{"start":{"line":124,"column":0},"end":{"line":124,"column":21}},"124":{"start":{"line":125,"column":0},"end":{"line":125,"column":77}},"125":{"start":{"line":126,"column":0},"end":{"line":126,"column":46}},"126":{"start":{"line":127,"column":0},"end":{"line":127,"column":46}},"127":{"start":{"line":128,"column":0},"end":{"line":128,"column":3}},"128":{"start":{"line":129,"column":0},"end":{"line":129,"column":1}},"129":{"start":{"line":130,"column":0},"end":{"line":130,"column":0}},"130":{"start":{"line":131,"column":0},"end":{"line":131,"column":36}}},"s":{"0":1,"1":1,"2":1,"3":1,"4":1,"5":1,"6":1,"7":1,"8":1,"9":1,"10":1,"11":1,"12":1,"13":1,"14":1,"15":1,"16":1,"17":13,"18":13,"19":1,"20":1,"21":4,"22":4,"23":4,"24":4,"25":4,"26":1,"27":19,"28":19,"29":1,"30":13,"31":13,"32":1,"33":3,"34":3,"35":2,"36":3,"37":3,"38":1,"39":3,"40":3,"41":1,"42":1,"43":27,"44":27,"45":27,"46":27,"47":27,"48":27,"49":18,"50":27,"51":14,"52":14,"53":13,"54":13,"55":1,"56":8,"57":8,"58":8,"59":8,"60":8,"61":2,"62":2,"63":6,"64":6,"65":1,"66":10,"67":4,"68":4,"69":10,"70":2,"71":2,"72":4,"73":10,"74":2,"75":2,"76":2,"77":2,"78":2,"79":2,"80":2,"81":2,"82":2,"83":2,"84":2,"85":10,"86":2,"87":2,"88":2,"89":2,"90":2,"91":2,"92":10,"93":0,"94":0,"95":0,"96":0,"97":0,"98":0,"99":0,"100":10,"101":1,"102":3,"103":3,"104":3,"105":3,"106":3,"107":3,"108":3,"109":3,"110":3,"111":3,"112":1,"113":2,"114":0,"115":0,"116":2,"117":2,"118":2,"119":2,"120":2,"121":2,"122":1,"123":0,"124":0,"125":0,"126":0,"127":0,"128":1,"129":1,"130":1},"branchMap":{"0":{"type":"branch","line":4,"loc":{"start":{"line":4,"column":0},"end":{"line":129,"column":1}},"locations":[{"start":{"line":4,"column":0},"end":{"line":129,"column":1}}]},"1":{"type":"branch","line":5,"loc":{"start":{"line":5,"column":2},"end":{"line":11,"column":3}},"locations":[{"start":{"line":5,"column":2},"end":{"line":11,"column":3}}]},"2":{"type":"branch","line":6,"loc":{"start":{"line":6,"column":54},"end":{"line":6,"column":78}},"locations":[{"start":{"line":6,"column":54},"end":{"line":6,"column":78}}]},"3":{"type":"branch","line":13,"loc":{"start":{"line":13,"column":2},"end":{"line":15,"column":3}},"locations":[{"start":{"line":13,"column":2},"end":{"line":15,"column":3}}]},"4":{"type":"branch","line":17,"loc":{"start":{"line":17,"column":2},"end":{"line":19,"column":3}},"locations":[{"start":{"line":17,"column":2},"end":{"line":19,"column":3}}]},"5":{"type":"branch","line":18,"loc":{"start":{"line":18,"column":44},"end":{"line":18,"column":81}},"locations":[{"start":{"line":18,"column":44},"end":{"line":18,"column":81}}]},"6":{"type":"branch","line":21,"loc":{"start":{"line":21,"column":2},"end":{"line":26,"column":3}},"locations":[{"start":{"line":21,"column":2},"end":{"line":26,"column":3}}]},"7":{"type":"branch","line":23,"loc":{"start":{"line":23,"column":42},"end":{"line":23,"column":75}},"locations":[{"start":{"line":23,"column":42},"end":{"line":23,"column":75}}]},"8":{"type":"branch","line":24,"loc":{"start":{"line":24,"column":38},"end":{"line":24,"column":75}},"locations":[{"start":{"line":24,"column":38},"end":{"line":24,"column":75}}]},"9":{"type":"branch","line":27,"loc":{"start":{"line":27,"column":2},"end":{"line":29,"column":3}},"locations":[{"start":{"line":27,"column":2},"end":{"line":29,"column":3}}]},"10":{"type":"branch","line":30,"loc":{"start":{"line":30,"column":2},"end":{"line":32,"column":3}},"locations":[{"start":{"line":30,"column":2},"end":{"line":32,"column":3}}]},"11":{"type":"branch","line":31,"loc":{"start":{"line":31,"column":45},"end":{"line":31,"column":79}},"locations":[{"start":{"line":31,"column":45},"end":{"line":31,"column":79}}]},"12":{"type":"branch","line":33,"loc":{"start":{"line":33,"column":2},"end":{"line":38,"column":3}},"locations":[{"start":{"line":33,"column":2},"end":{"line":38,"column":3}}]},"13":{"type":"branch","line":35,"loc":{"start":{"line":35,"column":33},"end":{"line":35,"column":72}},"locations":[{"start":{"line":35,"column":33},"end":{"line":35,"column":72}}]},"14":{"type":"branch","line":35,"loc":{"start":{"line":35,"column":72},"end":{"line":35,"column":107}},"locations":[{"start":{"line":35,"column":72},"end":{"line":35,"column":107}}]},"15":{"type":"branch","line":35,"loc":{"start":{"line":35,"column":108},"end":{"line":36,"column":103}},"locations":[{"start":{"line":35,"column":108},"end":{"line":36,"column":103}}]},"16":{"type":"branch","line":36,"loc":{"start":{"line":36,"column":33},"end":{"line":36,"column":63}},"locations":[{"start":{"line":36,"column":33},"end":{"line":36,"column":63}}]},"17":{"type":"branch","line":36,"loc":{"start":{"line":36,"column":63},"end":{"line":36,"column":102}},"locations":[{"start":{"line":36,"column":63},"end":{"line":36,"column":102}}]},"18":{"type":"branch","line":39,"loc":{"start":{"line":39,"column":2},"end":{"line":41,"column":3}},"locations":[{"start":{"line":39,"column":2},"end":{"line":41,"column":3}}]},"19":{"type":"branch","line":43,"loc":{"start":{"line":43,"column":2},"end":{"line":55,"column":3}},"locations":[{"start":{"line":43,"column":2},"end":{"line":55,"column":3}}]},"20":{"type":"branch","line":49,"loc":{"start":{"line":49,"column":60},"end":{"line":49,"column":91}},"locations":[{"start":{"line":49,"column":60},"end":{"line":49,"column":91}}]},"21":{"type":"branch","line":49,"loc":{"start":{"line":49,"column":92},"end":{"line":50,"column":57}},"locations":[{"start":{"line":49,"column":92},"end":{"line":50,"column":57}}]},"22":{"type":"branch","line":51,"loc":{"start":{"line":51,"column":6},"end":{"line":53,"column":5}},"locations":[{"start":{"line":51,"column":6},"end":{"line":53,"column":5}}]},"23":{"type":"branch","line":54,"loc":{"start":{"line":54,"column":-1},"end":{"line":55,"column":3}},"locations":[{"start":{"line":54,"column":-1},"end":{"line":55,"column":3}}]},"24":{"type":"branch","line":56,"loc":{"start":{"line":56,"column":2},"end":{"line":65,"column":3}},"locations":[{"start":{"line":56,"column":2},"end":{"line":65,"column":3}}]},"25":{"type":"branch","line":61,"loc":{"start":{"line":61,"column":111},"end":{"line":63,"column":5}},"locations":[{"start":{"line":61,"column":111},"end":{"line":63,"column":5}}]},"26":{"type":"branch","line":64,"loc":{"start":{"line":64,"column":-1},"end":{"line":65,"column":3}},"locations":[{"start":{"line":64,"column":-1},"end":{"line":65,"column":3}}]},"27":{"type":"branch","line":66,"loc":{"start":{"line":66,"column":2},"end":{"line":101,"column":3}},"locations":[{"start":{"line":66,"column":2},"end":{"line":101,"column":3}}]},"28":{"type":"branch","line":67,"loc":{"start":{"line":67,"column":37},"end":{"line":69,"column":5}},"locations":[{"start":{"line":67,"column":37},"end":{"line":69,"column":5}}]},"29":{"type":"branch","line":70,"loc":{"start":{"line":70,"column":-1},"end":{"line":70,"column":38}},"locations":[{"start":{"line":70,"column":-1},"end":{"line":70,"column":38}}]},"30":{"type":"branch","line":70,"loc":{"start":{"line":70,"column":38},"end":{"line":72,"column":5}},"locations":[{"start":{"line":70,"column":38},"end":{"line":72,"column":5}}]},"31":{"type":"branch","line":73,"loc":{"start":{"line":73,"column":-1},"end":{"line":74,"column":40}},"locations":[{"start":{"line":73,"column":-1},"end":{"line":74,"column":40}}]},"32":{"type":"branch","line":74,"loc":{"start":{"line":74,"column":36},"end":{"line":74,"column":68}},"locations":[{"start":{"line":74,"column":36},"end":{"line":74,"column":68}}]},"33":{"type":"branch","line":74,"loc":{"start":{"line":74,"column":70},"end":{"line":86,"column":76}},"locations":[{"start":{"line":74,"column":70},"end":{"line":86,"column":76}}]},"34":{"type":"branch","line":86,"loc":{"start":{"line":86,"column":76},"end":{"line":86,"column":110}},"locations":[{"start":{"line":86,"column":76},"end":{"line":86,"column":110}}]},"35":{"type":"branch","line":86,"loc":{"start":{"line":86,"column":112},"end":{"line":93,"column":5}},"locations":[{"start":{"line":86,"column":112},"end":{"line":93,"column":5}}]},"36":{"type":"branch","line":93,"loc":{"start":{"line":93,"column":5},"end":{"line":100,"column":5}},"locations":[{"start":{"line":93,"column":5},"end":{"line":100,"column":5}}]},"37":{"type":"branch","line":102,"loc":{"start":{"line":102,"column":2},"end":{"line":112,"column":3}},"locations":[{"start":{"line":102,"column":2},"end":{"line":112,"column":3}}]},"38":{"type":"branch","line":103,"loc":{"start":{"line":103,"column":53},"end":{"line":103,"column":66}},"locations":[{"start":{"line":103,"column":53},"end":{"line":103,"column":66}}]},"39":{"type":"branch","line":103,"loc":{"start":{"line":103,"column":18},"end":{"line":103,"column":50}},"locations":[{"start":{"line":103,"column":18},"end":{"line":103,"column":50}}]},"40":{"type":"branch","line":104,"loc":{"start":{"line":104,"column":33},"end":{"line":104,"column":64}},"locations":[{"start":{"line":104,"column":33},"end":{"line":104,"column":64}}]},"41":{"type":"branch","line":105,"loc":{"start":{"line":105,"column":49},"end":{"line":105,"column":72}},"locations":[{"start":{"line":105,"column":49},"end":{"line":105,"column":72}}]},"42":{"type":"branch","line":106,"loc":{"start":{"line":106,"column":36},"end":{"line":106,"column":75}},"locations":[{"start":{"line":106,"column":36},"end":{"line":106,"column":75}}]},"43":{"type":"branch","line":113,"loc":{"start":{"line":113,"column":2},"end":{"line":122,"column":3}},"locations":[{"start":{"line":113,"column":2},"end":{"line":122,"column":3}}]},"44":{"type":"branch","line":114,"loc":{"start":{"line":114,"column":63},"end":{"line":116,"column":5}},"locations":[{"start":{"line":114,"column":63},"end":{"line":116,"column":5}}]},"45":{"type":"branch","line":117,"loc":{"start":{"line":117,"column":35},"end":{"line":117,"column":45}},"locations":[{"start":{"line":117,"column":35},"end":{"line":117,"column":45}}]}},"b":{"0":[1],"1":[1],"2":[2],"3":[1],"4":[13],"5":[12],"6":[4],"7":[0],"8":[2],"9":[19],"10":[13],"11":[8],"12":[3],"13":[1],"14":[1],"15":[2],"16":[1],"17":[1],"18":[3],"19":[27],"20":[10],"21":[18],"22":[14],"23":[13],"24":[8],"25":[2],"26":[6],"27":[10],"28":[4],"29":[6],"30":[2],"31":[4],"32":[3],"33":[2],"34":[2],"35":[2],"36":[0],"37":[3],"38":[0],"39":[3],"40":[6],"41":[6],"42":[6],"43":[2],"44":[0],"45":[0]},"fnMap":{"0":{"name":"SelectionManage","decl":{"start":{"line":4,"column":0},"end":{"line":129,"column":1}},"loc":{"start":{"line":4,"column":0},"end":{"line":129,"column":1}},"line":4},"1":{"name":"value","decl":{"start":{"line":123,"column":22},"end":{"line":128,"column":3}},"loc":{"start":{"line":123,"column":22},"end":{"line":128,"column":3}},"line":123},"2":{"name":"parseSelection","decl":{"start":{"line":5,"column":2},"end":{"line":11,"column":3}},"loc":{"start":{"line":5,"column":2},"end":{"line":11,"column":3}},"line":5},"3":{"name":"stringifySelection","decl":{"start":{"line":13,"column":2},"end":{"line":15,"column":3}},"loc":{"start":{"line":13,"column":2},"end":{"line":15,"column":3}},"line":13},"4":{"name":"isExterior","decl":{"start":{"line":17,"column":2},"end":{"line":19,"column":3}},"loc":{"start":{"line":17,"column":2},"end":{"line":19,"column":3}},"line":17},"5":{"name":"isInterior","decl":{"start":{"line":21,"column":2},"end":{"line":26,"column":3}},"loc":{"start":{"line":21,"column":2},"end":{"line":26,"column":3}},"line":21},"6":{"name":"isOverlap","decl":{"start":{"line":27,"column":2},"end":{"line":29,"column":3}},"loc":{"start":{"line":27,"column":2},"end":{"line":29,"column":3}},"line":27},"7":{"name":"isContained","decl":{"start":{"line":30,"column":2},"end":{"line":32,"column":3}},"loc":{"start":{"line":30,"column":2},"end":{"line":32,"column":3}},"line":30},"8":{"name":"isSameSelection","decl":{"start":{"line":33,"column":2},"end":{"line":38,"column":3}},"loc":{"start":{"line":33,"column":2},"end":{"line":38,"column":3}},"line":33},"9":{"name":"isZeroSelection","decl":{"start":{"line":39,"column":2},"end":{"line":41,"column":3}},"loc":{"start":{"line":39,"column":2},"end":{"line":41,"column":3}},"line":39},"10":{"name":"intersect","decl":{"start":{"line":43,"column":2},"end":{"line":55,"column":3}},"loc":{"start":{"line":43,"column":2},"end":{"line":55,"column":3}},"line":43},"11":{"name":"union","decl":{"start":{"line":56,"column":2},"end":{"line":65,"column":3}},"loc":{"start":{"line":56,"column":2},"end":{"line":65,"column":3}},"line":56},"12":{"name":"difference","decl":{"start":{"line":66,"column":2},"end":{"line":101,"column":3}},"loc":{"start":{"line":66,"column":2},"end":{"line":101,"column":3}},"line":66},"13":{"name":"merge","decl":{"start":{"line":102,"column":2},"end":{"line":112,"column":3}},"loc":{"start":{"line":102,"column":2},"end":{"line":112,"column":3}},"line":102},"14":{"name":"offsetSelection","decl":{"start":{"line":113,"column":2},"end":{"line":122,"column":3}},"loc":{"start":{"line":113,"column":2},"end":{"line":122,"column":3}},"line":113}},"f":{"0":1,"1":0,"2":1,"3":1,"4":13,"5":4,"6":19,"7":13,"8":3,"9":3,"10":27,"11":8,"12":10,"13":3,"14":2}}
,"E:\\WORKBENCH\\draft\\blog\\src\\utils\\pointUtil.ts": {"path":"E:\\WORKBENCH\\draft\\blog\\src\\utils\\pointUtil.ts","all":false,"statementMap":{"0":{"start":{"line":1,"column":0},"end":{"line":1,"column":60}},"1":{"start":{"line":2,"column":0},"end":{"line":2,"column":0}},"2":{"start":{"line":3,"column":0},"end":{"line":3,"column":3}},"3":{"start":{"line":4,"column":0},"end":{"line":4,"column":17}},"4":{"start":{"line":5,"column":0},"end":{"line":5,"column":28}},"5":{"start":{"line":6,"column":0},"end":{"line":6,"column":17}},"6":{"start":{"line":7,"column":0},"end":{"line":7,"column":25}},"7":{"start":{"line":8,"column":0},"end":{"line":8,"column":25}},"8":{"start":{"line":9,"column":0},"end":{"line":9,"column":3}},"9":{"start":{"line":10,"column":0},"end":{"line":10,"column":28}},"10":{"start":{"line":11,"column":0},"end":{"line":11,"column":24}},"11":{"start":{"line":12,"column":0},"end":{"line":12,"column":20}},"12":{"start":{"line":13,"column":0},"end":{"line":13,"column":44}},"13":{"start":{"line":14,"column":0},"end":{"line":14,"column":15}},"14":{"start":{"line":15,"column":0},"end":{"line":15,"column":21}},"15":{"start":{"line":16,"column":0},"end":{"line":16,"column":30}},"16":{"start":{"line":17,"column":0},"end":{"line":17,"column":51}},"17":{"start":{"line":18,"column":0},"end":{"line":18,"column":12}},"18":{"start":{"line":19,"column":0},"end":{"line":19,"column":46}},"19":{"start":{"line":20,"column":0},"end":{"line":20,"column":21}},"20":{"start":{"line":21,"column":0},"end":{"line":21,"column":38}},"21":{"start":{"line":22,"column":0},"end":{"line":22,"column":38}},"22":{"start":{"line":23,"column":0},"end":{"line":23,"column":5}},"23":{"start":{"line":24,"column":0},"end":{"line":24,"column":20}},"24":{"start":{"line":25,"column":0},"end":{"line":25,"column":20}},"25":{"start":{"line":26,"column":0},"end":{"line":26,"column":43}},"26":{"start":{"line":27,"column":0},"end":{"line":27,"column":43}},"27":{"start":{"line":28,"column":0},"end":{"line":28,"column":5}},"28":{"start":{"line":29,"column":0},"end":{"line":29,"column":25}},"29":{"start":{"line":30,"column":0},"end":{"line":30,"column":62}},"30":{"start":{"line":31,"column":0},"end":{"line":31,"column":3}},"31":{"start":{"line":32,"column":0},"end":{"line":32,"column":27}},"32":{"start":{"line":33,"column":0},"end":{"line":33,"column":1}},"33":{"start":{"line":34,"column":0},"end":{"line":34,"column":49}},"34":{"start":{"line":35,"column":0},"end":{"line":35,"column":41}},"35":{"start":{"line":36,"column":0},"end":{"line":36,"column":1}},"36":{"start":{"line":37,"column":0},"end":{"line":37,"column":52}},"37":{"start":{"line":38,"column":0},"end":{"line":38,"column":45}},"38":{"start":{"line":39,"column":0},"end":{"line":39,"column":4}},"39":{"start":{"line":40,"column":0},"end":{"line":40,"column":50}},"40":{"start":{"line":41,"column":0},"end":{"line":41,"column":40}},"41":{"start":{"line":42,"column":0},"end":{"line":42,"column":1}},"42":{"start":{"line":43,"column":0},"end":{"line":43,"column":69}},"43":{"start":{"line":44,"column":0},"end":{"line":44,"column":57}},"44":{"start":{"line":45,"column":0},"end":{"line":45,"column":1}},"45":{"start":{"line":46,"column":0},"end":{"line":46,"column":69}},"46":{"start":{"line":47,"column":0},"end":{"line":47,"column":86}},"47":{"start":{"line":48,"column":0},"end":{"line":48,"column":1}},"48":{"start":{"line":49,"column":0},"end":{"line":49,"column":70}},"49":{"start":{"line":50,"column":0},"end":{"line":50,"column":58}},"50":{"start":{"line":51,"column":0},"end":{"line":51,"column":1}},"51":{"start":{"line":52,"column":0},"end":{"line":52,"column":0}},"52":{"start":{"line":53,"column":0},"end":{"line":53,"column":3}},"53":{"start":{"line":54,"column":0},"end":{"line":54,"column":9}},"54":{"start":{"line":55,"column":0},"end":{"line":55,"column":15}},"55":{"start":{"line":56,"column":0},"end":{"line":56,"column":15}},"56":{"start":{"line":57,"column":0},"end":{"line":57,"column":18}},"57":{"start":{"line":58,"column":0},"end":{"line":58,"column":3}},"58":{"start":{"line":59,"column":0},"end":{"line":59,"column":56}},"59":{"start":{"line":60,"column":0},"end":{"line":60,"column":21}},"60":{"start":{"line":61,"column":0},"end":{"line":61,"column":38}},"61":{"start":{"line":62,"column":0},"end":{"line":62,"column":3}},"62":{"start":{"line":63,"column":0},"end":{"line":63,"column":42}},"63":{"start":{"line":64,"column":0},"end":{"line":64,"column":42}},"64":{"start":{"line":65,"column":0},"end":{"line":65,"column":85}},"65":{"start":{"line":66,"column":0},"end":{"line":66,"column":1}},"66":{"start":{"line":67,"column":0},"end":{"line":67,"column":3}},"67":{"start":{"line":68,"column":0},"end":{"line":68,"column":26}},"68":{"start":{"line":69,"column":0},"end":{"line":69,"column":15}},"69":{"start":{"line":70,"column":0},"end":{"line":70,"column":15}},"70":{"start":{"line":71,"column":0},"end":{"line":71,"column":25}},"71":{"start":{"line":72,"column":0},"end":{"line":72,"column":3}},"72":{"start":{"line":73,"column":0},"end":{"line":73,"column":70}},"73":{"start":{"line":74,"column":0},"end":{"line":74,"column":10}},"74":{"start":{"line":75,"column":0},"end":{"line":75,"column":19}},"75":{"start":{"line":76,"column":0},"end":{"line":76,"column":19}},"76":{"start":{"line":77,"column":0},"end":{"line":77,"column":9}},"77":{"start":{"line":78,"column":0},"end":{"line":78,"column":3}},"78":{"start":{"line":79,"column":0},"end":{"line":79,"column":1}}},"s":{"0":1,"1":1,"2":1,"3":1,"4":1,"5":1,"6":1,"7":1,"8":1,"9":1,"10":2,"11":2,"12":2,"13":2,"14":2,"15":2,"16":2,"17":8,"18":8,"19":8,"20":8,"21":8,"22":8,"23":8,"24":8,"25":8,"26":8,"27":8,"28":8,"29":8,"30":8,"31":2,"32":2,"33":1,"34":2,"35":2,"36":1,"37":1,"38":1,"39":1,"40":0,"41":0,"42":1,"43":2,"44":2,"45":1,"46":0,"47":0,"48":1,"49":0,"50":0,"51":1,"52":1,"53":1,"54":1,"55":1,"56":1,"57":1,"58":1,"59":0,"60":0,"61":0,"62":0,"63":0,"64":0,"65":0,"66":1,"67":1,"68":1,"69":1,"70":1,"71":1,"72":1,"73":0,"74":0,"75":0,"76":0,"77":0,"78":0},"branchMap":{"0":{"type":"branch","line":10,"loc":{"start":{"line":10,"column":27},"end":{"line":33,"column":1}},"locations":[{"start":{"line":10,"column":27},"end":{"line":33,"column":1}}]},"1":{"type":"branch","line":17,"loc":{"start":{"line":17,"column":50},"end":{"line":31,"column":3}},"locations":[{"start":{"line":17,"column":50},"end":{"line":31,"column":3}}]},"2":{"type":"branch","line":34,"loc":{"start":{"line":34,"column":15},"end":{"line":36,"column":1}},"locations":[{"start":{"line":34,"column":15},"end":{"line":36,"column":1}}]},"3":{"type":"branch","line":35,"loc":{"start":{"line":35,"column":24},"end":{"line":35,"column":40}},"locations":[{"start":{"line":35,"column":24},"end":{"line":35,"column":40}}]},"4":{"type":"branch","line":43,"loc":{"start":{"line":43,"column":29},"end":{"line":45,"column":1}},"locations":[{"start":{"line":43,"column":29},"end":{"line":45,"column":1}}]}},"b":{"0":[2],"1":[8],"2":[2],"3":[5],"4":[2]},"fnMap":{"0":{"name":"pointCrossWithPath","decl":{"start":{"line":10,"column":27},"end":{"line":33,"column":1}},"loc":{"start":{"line":10,"column":27},"end":{"line":33,"column":1}},"line":10},"1":{"name":"inPath","decl":{"start":{"line":34,"column":15},"end":{"line":36,"column":1}},"loc":{"start":{"line":34,"column":15},"end":{"line":36,"column":1}},"line":34},"2":{"name":"outOath","decl":{"start":{"line":40,"column":16},"end":{"line":42,"column":1}},"loc":{"start":{"line":40,"column":16},"end":{"line":42,"column":1}},"line":40},"3":{"name":"isPointInPath","decl":{"start":{"line":43,"column":29},"end":{"line":45,"column":1}},"loc":{"start":{"line":43,"column":29},"end":{"line":45,"column":1}},"line":43},"4":{"name":"isPointOnPath","decl":{"start":{"line":46,"column":29},"end":{"line":48,"column":1}},"loc":{"start":{"line":46,"column":29},"end":{"line":48,"column":1}},"line":46},"5":{"name":"isPointOutPath","decl":{"start":{"line":49,"column":30},"end":{"line":51,"column":1}},"loc":{"start":{"line":49,"column":30},"end":{"line":51,"column":1}},"line":49},"6":{"name":"isSamePoint","decl":{"start":{"line":59,"column":27},"end":{"line":66,"column":1}},"loc":{"start":{"line":59,"column":27},"end":{"line":66,"column":1}},"line":59},"7":{"name":"computeRelativePoint","decl":{"start":{"line":73,"column":36},"end":{"line":79,"column":1}},"loc":{"start":{"line":73,"column":36},"end":{"line":79,"column":1}},"line":73}},"f":{"0":2,"1":2,"2":0,"3":2,"4":0,"5":0,"6":0,"7":0}}
}
