TN:
SF:src\models\SelectionManage\SelectionManage.ts
FN:4,SelectionManage
FN:123,value
FN:5,parseSelection
FN:13,stringifySelection
FN:17,isExterior
FN:21,isInterior
FN:27,isOverlap
FN:30,isContained
FN:33,isSameSelection
FN:39,isZeroSelection
FN:43,intersect
FN:56,union
FN:66,difference
FN:102,merge
FN:113,offsetSelection
FNF:15
FNH:14
FNDA:1,SelectionManage
FNDA:0,value
FNDA:1,parseSelection
FNDA:1,stringifySelection
FNDA:13,isExterior
FNDA:4,isInterior
FNDA:19,isOverlap
FNDA:13,isContained
FNDA:3,isSameSelection
FNDA:3,isZeroSelection
FNDA:27,intersect
FNDA:8,union
FNDA:10,difference
FNDA:3,merge
FNDA:2,offsetSelection
DA:1,1
DA:2,1
DA:3,1
DA:4,1
DA:5,1
DA:6,1
DA:7,1
DA:8,1
DA:9,1
DA:10,1
DA:11,1
DA:12,1
DA:13,1
DA:14,1
DA:15,1
DA:16,1
DA:17,1
DA:18,13
DA:19,13
DA:20,1
DA:21,1
DA:22,4
DA:23,4
DA:24,4
DA:25,4
DA:26,4
DA:27,1
DA:28,19
DA:29,19
DA:30,1
DA:31,13
DA:32,13
DA:33,1
DA:34,3
DA:35,3
DA:36,2
DA:37,3
DA:38,3
DA:39,1
DA:40,3
DA:41,3
DA:42,1
DA:43,1
DA:44,27
DA:45,27
DA:46,27
DA:47,27
DA:48,27
DA:49,27
DA:50,18
DA:51,27
DA:52,14
DA:53,14
DA:54,13
DA:55,13
DA:56,1
DA:57,8
DA:58,8
DA:59,8
DA:60,8
DA:61,8
DA:62,2
DA:63,2
DA:64,6
DA:65,6
DA:66,1
DA:67,10
DA:68,4
DA:69,4
DA:70,10
DA:71,2
DA:72,2
DA:73,4
DA:74,10
DA:75,2
DA:76,2
DA:77,2
DA:78,2
DA:79,2
DA:80,2
DA:81,2
DA:82,2
DA:83,2
DA:84,2
DA:85,2
DA:86,10
DA:87,2
DA:88,2
DA:89,2
DA:90,2
DA:91,2
DA:92,2
DA:93,10
DA:94,0
DA:95,0
DA:96,0
DA:97,0
DA:98,0
DA:99,0
DA:100,0
DA:101,10
DA:102,1
DA:103,3
DA:104,3
DA:105,3
DA:106,3
DA:107,3
DA:108,3
DA:109,3
DA:110,3
DA:111,3
DA:112,3
DA:113,1
DA:114,2
DA:115,0
DA:116,0
DA:117,2
DA:118,2
DA:119,2
DA:120,2
DA:121,2
DA:122,2
DA:123,1
DA:124,0
DA:125,0
DA:126,0
DA:127,0
DA:128,0
DA:129,1
DA:130,1
DA:131,1
LF:131
LH:117
BRDA:4,0,0,1
BRDA:5,1,0,1
BRDA:6,2,0,2
BRDA:13,3,0,1
BRDA:17,4,0,13
BRDA:18,5,0,12
BRDA:21,6,0,4
BRDA:23,7,0,0
BRDA:24,8,0,2
BRDA:27,9,0,19
BRDA:30,10,0,13
BRDA:31,11,0,8
BRDA:33,12,0,3
BRDA:35,13,0,1
BRDA:35,14,0,1
BRDA:35,15,0,2
BRDA:36,16,0,1
BRDA:36,17,0,1
BRDA:39,18,0,3
BRDA:43,19,0,27
BRDA:49,20,0,10
BRDA:49,21,0,18
BRDA:51,22,0,14
BRDA:54,23,0,13
BRDA:56,24,0,8
BRDA:61,25,0,2
BRDA:64,26,0,6
BRDA:66,27,0,10
BRDA:67,28,0,4
BRDA:70,29,0,6
BRDA:70,30,0,2
BRDA:73,31,0,4
BRDA:74,32,0,3
BRDA:74,33,0,2
BRDA:86,34,0,2
BRDA:86,35,0,2
BRDA:93,36,0,0
BRDA:102,37,0,3
BRDA:103,38,0,0
BRDA:103,39,0,3
BRDA:104,40,0,6
BRDA:105,41,0,6
BRDA:106,42,0,6
BRDA:113,43,0,2
BRDA:114,44,0,0
BRDA:117,45,0,0
BRF:46
BRH:41
end_of_record
TN:
SF:src\utils\pointUtil.ts
FN:10,pointCrossWithPath
FN:34,inPath
FN:40,outOath
FN:43,isPointInPath
FN:46,isPointOnPath
FN:49,isPointOutPath
FN:59,isSamePoint
FN:73,computeRelativePoint
FNF:8
FNH:3
FNDA:2,pointCrossWithPath
FNDA:2,inPath
FNDA:0,outOath
FNDA:2,isPointInPath
FNDA:0,isPointOnPath
FNDA:0,isPointOutPath
FNDA:0,isSamePoint
FNDA:0,computeRelativePoint
DA:1,1
DA:2,1
DA:3,1
DA:4,1
DA:5,1
DA:6,1
DA:7,1
DA:8,1
DA:9,1
DA:10,1
DA:11,2
DA:12,2
DA:13,2
DA:14,2
DA:15,2
DA:16,2
DA:17,2
DA:18,8
DA:19,8
DA:20,8
DA:21,8
DA:22,8
DA:23,8
DA:24,8
DA:25,8
DA:26,8
DA:27,8
DA:28,8
DA:29,8
DA:30,8
DA:31,8
DA:32,2
DA:33,2
DA:34,1
DA:35,2
DA:36,2
DA:37,1
DA:38,1
DA:39,1
DA:40,1
DA:41,0
DA:42,0
DA:43,1
DA:44,2
DA:45,2
DA:46,1
DA:47,0
DA:48,0
DA:49,1
DA:50,0
DA:51,0
DA:52,1
DA:53,1
DA:54,1
DA:55,1
DA:56,1
DA:57,1
DA:58,1
DA:59,1
DA:60,0
DA:61,0
DA:62,0
DA:63,0
DA:64,0
DA:65,0
DA:66,0
DA:67,1
DA:68,1
DA:69,1
DA:70,1
DA:71,1
DA:72,1
DA:73,1
DA:74,0
DA:75,0
DA:76,0
DA:77,0
DA:78,0
DA:79,0
LF:79
LH:60
BRDA:10,0,0,2
BRDA:17,1,0,8
BRDA:34,2,0,2
BRDA:35,3,0,5
BRDA:43,4,0,2
BRF:5
BRH:5
end_of_record
